<?xml version="1.0" encoding="UTF-8"?>
<!-- Generated by org.testng.reporters.JUnitReportReporter -->
<testsuite hostname="DESKTOP-MD2112N" name="com.appiumframework.testcases.ApiDemoTestPageObject" tests="2" failures="0" timestamp="22 Apr 2021 00:42:47 GMT" time="62.696" errors="0">
  <testcase name="ApiDemoTest" time="29.164" classname="com.appiumframework.testcases.ApiDemoTestPageObject"/>
  <testcase name="ApiDemoTest" time="33.532" classname="com.appiumframework.testcases.ApiDemoTestPageObject"/>
</testsuite> <!-- com.appiumframework.testcases.ApiDemoTestPageObject -->
