<?xml version="1.0" encoding="UTF-8"?>
<!-- Generated by org.testng.reporters.JUnitReportReporter -->
<testsuite hostname="DESKTOP-MD2112N" name="com.appiumframework.testcases.ApiDemoTestPageObject" tests="2" failures="0" timestamp="22 Apr 2021 03:43:43 GMT" time="64.391" errors="0">
  <testcase name="ApiDemoTest" time="30.641" classname="com.appiumframework.testcases.ApiDemoTestPageObject"/>
  <testcase name="ApiDemoTest" time="33.750" classname="com.appiumframework.testcases.ApiDemoTestPageObject"/>
</testsuite> <!-- com.appiumframework.testcases.ApiDemoTestPageObject -->
